<?xml version="1.0" encoding="UTF-8"?>
<testng-results skipped="0" failed="0" total="1" passed="1">
  <reporter-output>
  </reporter-output>
  <suite name="Default suite" duration-ms="42037" started-at="2015-10-11T18:18:11Z" finished-at="2015-10-11T18:18:53Z">
    <groups>
    </groups>
    <test name="Default test" duration-ms="42037" started-at="2015-10-11T18:18:11Z" finished-at="2015-10-11T18:18:53Z">
      <class name="AppiumDemo.AppiumBrowserDemo">
        <test-method status="PASS" signature="testAPK()[pri:0, instance:AppiumDemo.AppiumBrowserDemo@11531931]" name="testAPK" duration-ms="41983" started-at="2015-10-11T23:48:11Z" finished-at="2015-10-11T23:48:53Z">
          <reporter-output>
          </reporter-output>
        </test-method> <!-- testAPK -->
      </class> <!-- AppiumDemo.AppiumBrowserDemo -->
    </test> <!-- Default test -->
  </suite> <!-- Default suite -->
</testng-results>
